Build started 29/04/2015 09:56:42 p. m..
     1>Project "C:\Users\HP\Desktop\Repositorio2Equipo\trunk\Proyecto\Proyecto\Game.vcxproj" on node 2 (Build target(s)).
     1>C:\Program Files (x86)\MSBuild\Microsoft.Cpp\v4.0\V120\Microsoft.CppBuild.targets(364,5): warning MSB8004: Output Directory does not end with a trailing slash.  This build instance will add the slash as it is required to allow proper evaluation of the Output Directory.
     1>ClCompile:
         C:\Program Files (x86)\Microsoft Visual Studio 12.0\VC\bin\CL.exe /c /IC:\Users\HP\Desktop\Repositorio2Equipo\trunk\Proyecto\Proyecto\\..\Librerias\sdl2\include /ZI /nologo /W3 /WX- /Od /Oy- /D USING_OPENGL /D _MBCS /D _MBCS /Gm /EHsc /RTC1 /MDd /GS /fp:precise /Zc:wchar_t /Zc:forScope /Fo"Debug\\" /Fd"Debug\vc120.pdb" /Gd /TP /analyze- /errorReport:prompt ..\Source\Game.cpp
         Game.cpp
     1>c:\users\hp\desktop\repositorio2equipo\trunk\proyecto\source\sprite.h(97): warning C4200: nonstandard extension used : zero-sized array in struct/union
                 Cannot generate copy-ctor or copy-assignment operator when UDT contains a zero-sized array
       Link:
         C:\Program Files (x86)\Microsoft Visual Studio 12.0\VC\bin\link.exe /ERRORREPORT:PROMPT /OUT:"C:\Users\HP\Desktop\Repositorio2Equipo\trunk\Proyecto\Proyecto\..\Ejecutable\Game.exe" /INCREMENTAL:NO /NOLOGO /LIBPATH:C:\Users\HP\Desktop\Repositorio2Equipo\trunk\Proyecto\Proyecto\\..\Librerias\sdl2\lib\x86 SDL2.lib SDL2main.lib opengl32.lib kernel32.lib user32.lib gdi32.lib winspool.lib comdlg32.lib advapi32.lib shell32.lib ole32.lib oleaut32.lib uuid.lib odbc32.lib odbccp32.lib /MANIFEST /MANIFESTUAC:"level='asInvoker' uiAccess='false'" /manifest:embed /DEBUG /PDB:"C:\Users\HP\Desktop\Repositorio2Equipo\trunk\Proyecto\Proyecto\..\Ejecutable\Game.pdb" /SUBSYSTEM:CONSOLE /TLBID:1 /DYNAMICBASE /NXCOMPAT /IMPLIB:"C:\Users\HP\Desktop\Repositorio2Equipo\trunk\Proyecto\Proyecto\..\Ejecutable\Game.lib" /MACHINE:X86 Debug\main.obj
         Debug\Game.obj
         Debug\Nave.obj
         Debug\OpegGLImplement.obj
         Debug\Sprite.obj
         Debug\SpriteDef.obj
         Debug\Stage.obj
     1>main.obj : warning LNK4075: ignoring '/EDITANDCONTINUE' due to '/OPT:LBR' specification
     1>MSVCRTD.lib(cinitexe.obj) : warning LNK4098: defaultlib 'msvcrt.lib' conflicts with use of other libs; use /NODEFAULTLIB:library
         Game.vcxproj -> C:\Users\HP\Desktop\Repositorio2Equipo\trunk\Proyecto\Proyecto\..\Ejecutable\Game.exe
     1>Done Building Project "C:\Users\HP\Desktop\Repositorio2Equipo\trunk\Proyecto\Proyecto\Game.vcxproj" (Build target(s)).

Build succeeded.

Time Elapsed 00:00:08.45
